<?xml version="1.0" encoding="utf-8"?><testsuites name="pytest tests"><testsuite name="pytest" errors="0" failures="0" skipped="0" tests="7" time="4.619" timestamp="2026-03-18T13:06:30.937840+00:00" hostname="agent-env-5219ee97-a886-41e4-aac3-7f2b13ebdbf5"><testcase classname="backend.tests.test_application_expenses.TestApplicationExpenses" name="test_01_get_bursary_applications" time="0.711" /><testcase classname="backend.tests.test_application_expenses.TestApplicationExpenses" name="test_02_get_training_applications" time="0.598" /><testcase classname="backend.tests.test_application_expenses.TestApplicationExpenses" name="test_03_add_expenses_to_bursary_app" time="0.773" /><testcase classname="backend.tests.test_application_expenses.TestApplicationExpenses" name="test_04_add_expenses_to_training_app" time="0.698" /><testcase classname="backend.tests.test_application_expenses.TestApplicationExpenses" name="test_05_get_application_expenses_aggregation" time="0.458" /><testcase classname="backend.tests.test_application_expenses.TestApplicationExpenses" name="test_06_edit_existing_expenses" time="0.859" /><testcase classname="backend.tests.test_application_expenses.TestApplicationExpenses" name="test_07_expense_totals_calculation" time="0.459" /></testsuite></testsuites>