<?xml version="1.0" encoding="utf-8"?><testsuites name="pytest tests"><testsuite name="pytest" errors="0" failures="0" skipped="0" tests="12" time="3.909" timestamp="2026-03-18T19:34:40.452299+00:00" hostname="agent-env-56586b8c-b3d9-438e-a802-f23ec3953ded"><testcase classname="backend.tests.test_dashboard_training.TestAuthLogin" name="test_admin_login" time="0.564" /><testcase classname="backend.tests.test_dashboard_training.TestDashboardStats" name="test_dashboard_stats_returns_expected_fields" time="0.469" /><testcase classname="backend.tests.test_dashboard_training.TestRecentActivity" name="test_recent_activity_returns_array" time="0.112" /><testcase classname="backend.tests.test_dashboard_training.TestRecentActivity" name="test_recent_activity_item_structure" time="0.107" /><testcase classname="backend.tests.test_dashboard_training.TestReportSummary" name="test_report_summary_returns_expected_fields" time="0.140" /><testcase classname="backend.tests.test_dashboard_training.TestTrainingAssignment" name="test_assign_users_to_task" time="0.428" /><testcase classname="backend.tests.test_dashboard_training.TestTrainingAssignment" name="test_assign_returns_updated_task" time="0.453" /><testcase classname="backend.tests.test_dashboard_training.TestTrainingAssignment" name="test_unassign_user_from_task" time="0.515" /><testcase classname="backend.tests.test_dashboard_training.TestTrainingAssignment" name="test_assign_creates_notification" time="0.385" /><testcase classname="backend.tests.test_dashboard_training.TestTrainingAssignment" name="test_assign_requires_user_ids" time="0.243" /><testcase classname="backend.tests.test_dashboard_training.TestTrainingAssignment" name="test_assign_invalid_task" time="0.285" /><testcase classname="backend.tests.test_dashboard_training.TestProjectsNotInSidebar" name="test_projects_endpoint_still_exists" time="0.139" /></testsuite></testsuites>