<?xml version="1.0" encoding="utf-8"?><testsuites name="pytest tests"><testsuite name="pytest" errors="0" failures="0" skipped="3" tests="11" time="2.162" timestamp="2026-03-17T15:49:55.460998+00:00" hostname="agent-env-23869d64-eaa7-42aa-94ff-ad061642fa0a"><testcase classname="backend.tests.test_division_groups.TestDivisionGroupsGetAll" name="test_get_all_division_groups_success" time="0.578" /><testcase classname="backend.tests.test_division_groups.TestDivisionGroupsGetAll" name="test_get_division_groups_requires_auth" time="0.076" /><testcase classname="backend.tests.test_division_groups.TestDivisionGroupsGetAll" name="test_regular_user_can_view_groups" time="0.293"><skipped type="pytest.skip" message="Regular user authentication failed: 400 - {&quot;detail&quot;:&quot;Invalid email or password&quot;}">/app/backend/tests/test_division_groups.py:92: Regular user authentication failed: 400 - {"detail":"Invalid email or password"}</skipped></testcase><testcase classname="backend.tests.test_division_groups.TestDivisionGroupGetOne" name="test_get_satellite_business_group" time="0.073" /><testcase classname="backend.tests.test_division_groups.TestDivisionGroupGetOne" name="test_get_nonexistent_group" time="0.074" /><testcase classname="backend.tests.test_division_groups.TestDivisionGroupLeader" name="test_admin_can_set_leader" time="0.230" /><testcase classname="backend.tests.test_division_groups.TestDivisionGroupLeader" name="test_regular_user_cannot_set_leader" time="0.000"><skipped type="pytest.skip" message="Regular user authentication failed: 400 - {&quot;detail&quot;:&quot;Invalid email or password&quot;}">/app/backend/tests/test_division_groups.py:197: Regular user authentication failed: 400 - {"detail":"Invalid email or password"}</skipped></testcase><testcase classname="backend.tests.test_division_groups.TestDivisionGroupMembers" name="test_admin_can_add_member" time="0.412" /><testcase classname="backend.tests.test_division_groups.TestDivisionGroupMembers" name="test_admin_can_remove_member" time="0.288" /><testcase classname="backend.tests.test_division_groups.TestDivisionGroupMembers" name="test_regular_user_cannot_manage_members" time="0.000"><skipped type="pytest.skip" message="Regular user authentication failed: 400 - {&quot;detail&quot;:&quot;Invalid email or password&quot;}">/app/backend/tests/test_division_groups.py:347: Regular user authentication failed: 400 - {"detail":"Invalid email or password"}</skipped></testcase><testcase classname="backend.tests.test_division_groups.TestDivisionGroupsStats" name="test_verify_stats" time="0.074" /></testsuite></testsuites>