<?xml version="1.0" encoding="utf-8"?><testsuites name="pytest tests"><testsuite name="pytest" errors="0" failures="0" skipped="0" tests="17" time="7.337" timestamp="2026-02-18T01:02:10.671531+00:00" hostname="agent-env-d78184a7-f097-4da1-90e8-394939130944"><testcase classname="backend.tests.test_events_leads_docs.TestAuth" name="test_login" time="0.631" /><testcase classname="backend.tests.test_events_leads_docs.TestEventsAPI" name="test_get_events_empty_or_list" time="0.542" /><testcase classname="backend.tests.test_events_leads_docs.TestEventsAPI" name="test_create_event" time="0.177" /><testcase classname="backend.tests.test_events_leads_docs.TestEventsAPI" name="test_create_and_get_event" time="0.357" /><testcase classname="backend.tests.test_events_leads_docs.TestEventsAPI" name="test_update_event" time="0.258" /><testcase classname="backend.tests.test_events_leads_docs.TestEventsAPI" name="test_delete_event" time="0.455" /><testcase classname="backend.tests.test_events_leads_docs.TestLeadsAPI" name="test_get_leads_returns_list" time="0.627" /><testcase classname="backend.tests.test_events_leads_docs.TestLeadsAPI" name="test_create_lead" time="0.171" /><testcase classname="backend.tests.test_events_leads_docs.TestLeadsAPI" name="test_create_and_get_lead" time="0.279" /><testcase classname="backend.tests.test_events_leads_docs.TestLeadsAPI" name="test_update_lead_status" time="0.399" /><testcase classname="backend.tests.test_events_leads_docs.TestLeadsAPI" name="test_delete_lead" time="0.501" /><testcase classname="backend.tests.test_events_leads_docs.TestUserDocumentsAPI" name="test_get_documents_empty_or_list" time="0.490" /><testcase classname="backend.tests.test_events_leads_docs.TestUserDocumentsAPI" name="test_upload_document" time="0.176" /><testcase classname="backend.tests.test_events_leads_docs.TestUserDocumentsAPI" name="test_upload_and_list_document" time="0.285" /><testcase classname="backend.tests.test_events_leads_docs.TestUserDocumentsAPI" name="test_delete_document" time="0.438" /><testcase classname="backend.tests.test_events_leads_docs.TestCleanup" name="test_cleanup_test_events" time="0.912" /><testcase classname="backend.tests.test_events_leads_docs.TestCleanup" name="test_cleanup_test_leads" time="0.565" /></testsuite></testsuites>