<?xml version="1.0" encoding="utf-8"?><testsuites name="pytest tests"><testsuite name="pytest" errors="0" failures="3" skipped="0" tests="36" time="5.600" timestamp="2026-03-18T09:16:10.132394+00:00" hostname="agent-env-5219ee97-a886-41e4-aac3-7f2b13ebdbf5"><testcase classname="backend.tests.test_features_iteration12.TestNotifications" name="test_get_all_notifications" time="0.649" /><testcase classname="backend.tests.test_features_iteration12.TestNotifications" name="test_get_unread_count" time="0.134" /><testcase classname="backend.tests.test_features_iteration12.TestNotifications" name="test_mark_all_read" time="0.170" /><testcase classname="backend.tests.test_features_iteration12.TestNotifications" name="test_delete_nonexistent_notification" time="0.111"><failure message="assert 200 == 404&#10; +  where 200 = &lt;Response [200]&gt;.status_code">backend/tests/test_features_iteration12.py:68: in test_delete_nonexistent_notification
    assert response.status_code == 404
E   assert 200 == 404
E    +  where 200 = &lt;Response [200]&gt;.status_code</failure></testcase><testcase classname="backend.tests.test_features_iteration12.TestNotes" name="test_get_all_notes" time="0.115" /><testcase classname="backend.tests.test_features_iteration12.TestNotes" name="test_get_shared_notes" time="0.112" /><testcase classname="backend.tests.test_features_iteration12.TestNotes" name="test_get_folders" time="0.107" /><testcase classname="backend.tests.test_features_iteration12.TestNotes" name="test_create_folder" time="0.122" /><testcase classname="backend.tests.test_features_iteration12.TestNotes" name="test_create_note" time="0.109" /><testcase classname="backend.tests.test_features_iteration12.TestNotes" name="test_create_note_in_folder" time="0.111" /><testcase classname="backend.tests.test_features_iteration12.TestNotes" name="test_update_note" time="0.113"><failure message="AssertionError: assert None == 'TEST_Note_Updated_Title'&#10; +  where None = &lt;built-in method get of dict object at 0xfebfcda3db80&gt;('title')&#10; +    where &lt;built-in method get of dict object at 0xfebfcda3db80&gt; = {'message': 'Note updated successfully'}.get">backend/tests/test_features_iteration12.py:156: in test_update_note
    assert data.get("title") == "TEST_Note_Updated_Title"
E   AssertionError: assert None == 'TEST_Note_Updated_Title'
E    +  where None = &lt;built-in method get of dict object at 0xfebfcda3db80&gt;('title')
E    +    where &lt;built-in method get of dict object at 0xfebfcda3db80&gt; = {'message': 'Note updated successfully'}.get</failure></testcase><testcase classname="backend.tests.test_features_iteration12.TestNotes" name="test_get_notes_by_folder" time="0.103" /><testcase classname="backend.tests.test_features_iteration12.TestNotes" name="test_delete_note" time="0.104" /><testcase classname="backend.tests.test_features_iteration12.TestMessages" name="test_get_conversations" time="0.097" /><testcase classname="backend.tests.test_features_iteration12.TestMessages" name="test_get_unread_message_count" time="0.117" /><testcase classname="backend.tests.test_features_iteration12.TestMessages" name="test_create_individual_conversation" time="0.242" /><testcase classname="backend.tests.test_features_iteration12.TestMessages" name="test_create_division_conversation" time="0.292" /><testcase classname="backend.tests.test_features_iteration12.TestMessages" name="test_create_subgroup_conversation" time="0.254" /><testcase classname="backend.tests.test_features_iteration12.TestMessages" name="test_send_message_in_conversation" time="0.108"><failure message="assert 422 in [200, 201]&#10; +  where 422 = &lt;Response [422]&gt;.status_code">backend/tests/test_features_iteration12.py:284: in test_send_message_in_conversation
    assert response.status_code in [200, 201]
E   assert 422 in [200, 201]
E    +  where 422 = &lt;Response [422]&gt;.status_code</failure></testcase><testcase classname="backend.tests.test_features_iteration12.TestMessages" name="test_get_conversation_messages" time="0.124" /><testcase classname="backend.tests.test_features_iteration12.TestMeetingsEventSync" name="test_get_all_meetings" time="0.107" /><testcase classname="backend.tests.test_features_iteration12.TestMeetingsEventSync" name="test_get_all_events" time="0.120" /><testcase classname="backend.tests.test_features_iteration12.TestMeetingsEventSync" name="test_create_teams_meeting_and_verify_event" time="0.221" /><testcase classname="backend.tests.test_features_iteration12.TestMeetingsEventSync" name="test_filter_meetings_by_type" time="0.101" /><testcase classname="backend.tests.test_features_iteration12.TestMeetingsEventSync" name="test_filter_meetings_by_status" time="0.101" /><testcase classname="backend.tests.test_features_iteration12.TestMeetingsEventSync" name="test_delete_meeting" time="0.101" /><testcase classname="backend.tests.test_features_iteration12.TestUsersAPI" name="test_get_all_users" time="0.127" /><testcase classname="backend.tests.test_features_iteration12.TestUsersAPI" name="test_user_has_personal_info_fields" time="0.120" /><testcase classname="backend.tests.test_features_iteration12.TestUsersAPI" name="test_user_has_employment_info_fields" time="0.116" /><testcase classname="backend.tests.test_features_iteration12.TestUsersAPI" name="test_user_has_ofo_classification_fields" time="0.110" /><testcase classname="backend.tests.test_features_iteration12.TestUsersAPI" name="test_user_has_system_info_fields" time="0.109" /><testcase classname="backend.tests.test_features_iteration12.TestUsersAPI" name="test_get_single_user" time="0.237" /><testcase classname="backend.tests.test_features_iteration12.TestEventsAPI" name="test_get_all_events" time="0.102" /><testcase classname="backend.tests.test_features_iteration12.TestEventsAPI" name="test_events_include_meeting_type" time="0.139" /><testcase classname="backend.tests.test_features_iteration12.TestEventsAPI" name="test_create_event" time="0.214" /><testcase classname="backend.tests.test_features_iteration12.TestDivisionGroupsAPI" name="test_get_all_division_groups" time="0.140" /></testsuite></testsuites>