<?xml version="1.0" encoding="utf-8"?><testsuites name="pytest tests"><testsuite name="pytest" errors="0" failures="0" skipped="0" tests="13" time="5.662" timestamp="2026-03-25T12:55:58.798301+00:00" hostname="agent-env-c6581ae6-660f-423b-9edc-3643854bc691"><testcase classname="backend.tests.test_interactive_reports.TestInteractiveReportsAPI" name="test_get_interactive_data_basic" time="0.590" /><testcase classname="backend.tests.test_interactive_reports.TestInteractiveReportsAPI" name="test_get_interactive_data_user_counts" time="0.383" /><testcase classname="backend.tests.test_interactive_reports.TestInteractiveReportsAPI" name="test_filter_by_division_mib" time="0.386" /><testcase classname="backend.tests.test_interactive_reports.TestInteractiveReportsAPI" name="test_filter_by_division_and_subgroup" time="0.483" /><testcase classname="backend.tests.test_interactive_reports.TestInteractiveReportsAPI" name="test_filter_by_status_pending" time="0.383" /><testcase classname="backend.tests.test_interactive_reports.TestInteractiveReportsAPI" name="test_export_all_data" time="0.433" /><testcase classname="backend.tests.test_interactive_reports.TestInteractiveReportsAPI" name="test_export_users_filtered" time="0.482" /><testcase classname="backend.tests.test_interactive_reports.TestInteractiveReportsAPI" name="test_export_applications" time="0.387" /><testcase classname="backend.tests.test_interactive_reports.TestInteractiveReportsAPI" name="test_export_expenses" time="0.397" /><testcase classname="backend.tests.test_interactive_reports.TestInteractiveReportsAPI" name="test_export_tickets" time="0.433" /><testcase classname="backend.tests.test_interactive_reports.TestInteractiveReportsAPI" name="test_division_list_populated" time="0.385" /><testcase classname="backend.tests.test_interactive_reports.TestInteractiveReportsAPI" name="test_departments_list_populated" time="0.416" /><testcase classname="backend.tests.test_interactive_reports.TestInteractiveReportsAPI" name="test_departments_filtered_by_division" time="0.419" /></testsuite></testsuites>