<?xml version="1.0" encoding="utf-8"?><testsuites name="pytest tests"><testsuite name="pytest" errors="0" failures="0" skipped="0" tests="16" time="3.808" timestamp="2026-03-19T08:07:47.145420+00:00" hostname="agent-env-e2a4b5cc-c19c-4988-9990-3e7684420553"><testcase classname="backend.tests.test_iteration_22.TestAuthLogin" name="test_super_admin_login" time="0.494" /><testcase classname="backend.tests.test_iteration_22.TestAuthLogin" name="test_employee_login" time="0.341" /><testcase classname="backend.tests.test_iteration_22.TestUsersRouter" name="test_get_users_as_admin" time="0.451" /><testcase classname="backend.tests.test_iteration_22.TestUsersRouter" name="test_get_users_me_as_admin" time="0.110" /><testcase classname="backend.tests.test_iteration_22.TestUsersRouter" name="test_get_users_me_as_employee" time="0.501" /><testcase classname="backend.tests.test_iteration_22.TestUsersRouter" name="test_batch_action_requires_admin" time="0.212" /><testcase classname="backend.tests.test_iteration_22.TestAvailableApplicationsEndpoint" name="test_available_applications_as_admin" time="0.109" /><testcase classname="backend.tests.test_iteration_22.TestAvailableApplicationsEndpoint" name="test_available_applications_as_employee" time="0.110" /><testcase classname="backend.tests.test_iteration_22.TestApplicationExpensesEndpoint" name="test_application_expenses_returns_structure" time="0.110" /><testcase classname="backend.tests.test_iteration_22.TestApplicationExpensesEndpoint" name="test_application_expenses_includes_requested_amount" time="0.115" /><testcase classname="backend.tests.test_iteration_22.TestAddExpensesToApplication" name="test_add_expenses_to_bursary_app" time="0.218" /><testcase classname="backend.tests.test_iteration_22.TestAddExpensesToApplication" name="test_add_expenses_to_training_app" time="0.429" /><testcase classname="backend.tests.test_iteration_22.TestExpensesStatsAndExport" name="test_expenses_stats" time="0.100" /><testcase classname="backend.tests.test_iteration_22.TestExpensesStatsAndExport" name="test_expenses_list" time="0.108" /><testcase classname="backend.tests.test_iteration_22.TestEmployeeVisibilityRestrictions" name="test_employee_available_apps_only_own" time="0.223" /><testcase classname="backend.tests.test_iteration_22.TestEmployeeVisibilityRestrictions" name="test_employee_application_expenses_only_own" time="0.097" /></testsuite></testsuites>