<?xml version="1.0" encoding="utf-8"?><testsuites name="pytest tests"><testsuite name="pytest" errors="0" failures="0" skipped="0" tests="16" time="7.416" timestamp="2026-03-19T07:52:18.474295+00:00" hostname="agent-env-e2a4b5cc-c19c-4988-9990-3e7684420553"><testcase classname="backend.tests.test_iteration_21.TestAuthLogin" name="test_super_admin_login" time="0.408" /><testcase classname="backend.tests.test_iteration_21.TestAuthLogin" name="test_test_employee_login" time="0.363" /><testcase classname="backend.tests.test_iteration_21.TestAuthLogin" name="test_test_admin_login" time="0.323" /><testcase classname="backend.tests.test_iteration_21.TestApplicationsAPI" name="test_get_applications_as_admin" time="0.434" /><testcase classname="backend.tests.test_iteration_21.TestApplicationsAPI" name="test_get_applications_as_employee" time="0.767" /><testcase classname="backend.tests.test_iteration_21.TestApplicationsAPI" name="test_delete_application_admin_only" time="0.330" /><testcase classname="backend.tests.test_iteration_21.TestApplicationsAPI" name="test_batch_delete_applications_admin_only" time="0.417" /><testcase classname="backend.tests.test_iteration_21.TestTrainingApplicationsAPI" name="test_get_training_applications_as_admin" time="0.422" /><testcase classname="backend.tests.test_iteration_21.TestTrainingApplicationsAPI" name="test_get_training_applications_as_employee" time="0.776" /><testcase classname="backend.tests.test_iteration_21.TestTrainingApplicationsAPI" name="test_delete_training_application_admin" time="0.197" /><testcase classname="backend.tests.test_iteration_21.TestTrainingApplicationsAPI" name="test_batch_delete_training_applications_admin" time="0.419" /><testcase classname="backend.tests.test_iteration_21.TestApplicationSettings" name="test_get_application_settings" time="0.454" /><testcase classname="backend.tests.test_iteration_21.TestApplicationSettings" name="test_update_application_settings_admin_only" time="0.654" /><testcase classname="backend.tests.test_iteration_21.TestApplicationSettings" name="test_application_settings_deadline_fields" time="0.123" /><testcase classname="backend.tests.test_iteration_21.TestEmployeeVisibilityRestrictions" name="test_employee_cannot_see_admin_applications" time="0.968" /><testcase classname="backend.tests.test_iteration_21.TestEmployeeVisibilityRestrictions" name="test_employee_cannot_access_other_application_directly" time="0.305" /></testsuite></testsuites>