<?xml version="1.0" encoding="utf-8"?><testsuites name="pytest tests"><testsuite name="pytest" errors="0" failures="0" skipped="0" tests="15" time="7.892" timestamp="2026-03-24T21:24:28.998695+00:00" hostname="agent-env-c6581ae6-660f-423b-9edc-3643854bc691"><testcase classname="backend.tests.test_iteration_23.TestAuthLogin" name="test_super_admin_login" time="0.528" /><testcase classname="backend.tests.test_iteration_23.TestAuthLogin" name="test_admin_login" time="0.357" /><testcase classname="backend.tests.test_iteration_23.TestAuthLogin" name="test_employee_login" time="0.362" /><testcase classname="backend.tests.test_iteration_23.TestTicketsAPI" name="test_employee_can_create_ticket" time="0.650" /><testcase classname="backend.tests.test_iteration_23.TestTicketsAPI" name="test_employee_can_get_own_tickets" time="0.461" /><testcase classname="backend.tests.test_iteration_23.TestTicketsAPI" name="test_employee_can_get_ticket_stats" time="0.473" /><testcase classname="backend.tests.test_iteration_23.TestContactableUsersAPI" name="test_employee_contactable_users_returns_division_members" time="0.453" /><testcase classname="backend.tests.test_iteration_23.TestContactableUsersAPI" name="test_admin_contactable_users_returns_all" time="0.546" /><testcase classname="backend.tests.test_iteration_23.TestContactableUsersAPI" name="test_employee_sees_fewer_contacts_than_admin" time="1.033" /><testcase classname="backend.tests.test_iteration_23.TestDashboardStats" name="test_employee_dashboard_stats" time="0.472" /><testcase classname="backend.tests.test_iteration_23.TestDashboardStats" name="test_admin_dashboard_stats" time="0.451" /><testcase classname="backend.tests.test_iteration_23.TestUsersAPI" name="test_get_users_list" time="0.544" /><testcase classname="backend.tests.test_iteration_23.TestSettingsAccess" name="test_super_admin_can_access_settings" time="0.477" /><testcase classname="backend.tests.test_iteration_23.TestSettingsAccess" name="test_admin_settings_access" time="0.525" /><testcase classname="backend.tests.test_iteration_23.TestSettingsAccess" name="test_employee_settings_access" time="0.492" /></testsuite></testsuites>