<?xml version="1.0" encoding="utf-8"?><testsuites name="pytest tests"><testsuite name="pytest" errors="0" failures="0" skipped="0" tests="19" time="5.043" timestamp="2026-03-24T21:40:50.969745+00:00" hostname="agent-env-c6581ae6-660f-423b-9edc-3643854bc691"><testcase classname="backend.tests.test_iteration_24.TestTicketsRouter" name="test_get_tickets_admin" time="0.709" /><testcase classname="backend.tests.test_iteration_24.TestTicketsRouter" name="test_get_tickets_employee" time="0.515" /><testcase classname="backend.tests.test_iteration_24.TestTicketsRouter" name="test_create_ticket_employee" time="0.140" /><testcase classname="backend.tests.test_iteration_24.TestTicketsRouter" name="test_get_ticket_stats" time="0.123" /><testcase classname="backend.tests.test_iteration_24.TestTicketsRouter" name="test_update_ticket_admin" time="0.400" /><testcase classname="backend.tests.test_iteration_24.TestTicketsRouter" name="test_get_ticket_comments" time="0.378" /><testcase classname="backend.tests.test_iteration_24.TestTicketsRouter" name="test_add_ticket_comment" time="0.505" /><testcase classname="backend.tests.test_iteration_24.TestExpensesRouter" name="test_get_expenses_admin" time="0.103" /><testcase classname="backend.tests.test_iteration_24.TestExpensesRouter" name="test_get_expenses_stats" time="0.129" /><testcase classname="backend.tests.test_iteration_24.TestExpensesRouter" name="test_get_application_expenses" time="0.126" /><testcase classname="backend.tests.test_iteration_24.TestExpensesRouter" name="test_get_expenses_employee" time="0.106" /><testcase classname="backend.tests.test_iteration_24.TestMessagesRouter" name="test_get_conversations" time="0.121" /><testcase classname="backend.tests.test_iteration_24.TestMessagesRouter" name="test_create_conversation" time="0.268" /><testcase classname="backend.tests.test_iteration_24.TestMessagesRouter" name="test_get_contactable_users_admin" time="0.143" /><testcase classname="backend.tests.test_iteration_24.TestMessagesRouter" name="test_get_contactable_users_employee" time="0.122" /><testcase classname="backend.tests.test_iteration_24.TestMessagesRouter" name="test_get_unread_count" time="0.110" /><testcase classname="backend.tests.test_iteration_24.TestRouterIntegration" name="test_tickets_router_connected" time="0.237" /><testcase classname="backend.tests.test_iteration_24.TestRouterIntegration" name="test_expenses_router_connected" time="0.338" /><testcase classname="backend.tests.test_iteration_24.TestRouterIntegration" name="test_messages_router_connected" time="0.375" /></testsuite></testsuites>