<?xml version="1.0" encoding="utf-8"?><testsuites name="pytest tests"><testsuite name="pytest" errors="0" failures="0" skipped="0" tests="21" time="5.448" timestamp="2026-03-18T20:16:58.992948+00:00" hostname="agent-env-56586b8c-b3d9-438e-a802-f23ec3953ded"><testcase classname="backend.tests.test_iteration_20.TestLoginRolePermissions" name="test_login_returns_role_permissions" time="0.570" /><testcase classname="backend.tests.test_iteration_20.TestDashboardRouterEndpoints" name="test_dashboard_stats_endpoint" time="0.698" /><testcase classname="backend.tests.test_iteration_20.TestDashboardRouterEndpoints" name="test_dashboard_recent_activity_endpoint" time="0.190" /><testcase classname="backend.tests.test_iteration_20.TestDashboardRouterEndpoints" name="test_reports_dashboard_endpoint" time="0.146" /><testcase classname="backend.tests.test_iteration_20.TestNotificationsRouterEndpoints" name="test_get_notifications_endpoint" time="0.214" /><testcase classname="backend.tests.test_iteration_20.TestNotificationsRouterEndpoints" name="test_get_unread_count_endpoint" time="0.201" /><testcase classname="backend.tests.test_iteration_20.TestNotificationsRouterEndpoints" name="test_mark_all_read_endpoint" time="0.204" /><testcase classname="backend.tests.test_iteration_20.TestBatchUserActions" name="test_batch_action_endpoint_exists" time="0.217" /><testcase classname="backend.tests.test_iteration_20.TestBatchUserActions" name="test_batch_action_requires_admin" time="0.180" /><testcase classname="backend.tests.test_iteration_20.TestBatchUserActions" name="test_batch_action_invalid_action" time="0.152" /><testcase classname="backend.tests.test_iteration_20.TestBatchUserActions" name="test_batch_action_empty_users" time="0.398" /><testcase classname="backend.tests.test_iteration_20.TestBatchUserActions" name="test_batch_activate_action" time="0.268" /><testcase classname="backend.tests.test_iteration_20.TestBatchUserActions" name="test_batch_deactivate_action" time="0.156" /><testcase classname="backend.tests.test_iteration_20.TestBatchUserActions" name="test_batch_delete_action" time="0.284" /><testcase classname="backend.tests.test_iteration_20.TestFileUploadEndpoint" name="test_file_upload_endpoint_exists" time="0.175" /><testcase classname="backend.tests.test_iteration_20.TestFileUploadEndpoint" name="test_file_upload_multipart" time="0.341" /><testcase classname="backend.tests.test_iteration_20.TestUsersPageAPIs" name="test_get_users_endpoint" time="0.135" /><testcase classname="backend.tests.test_iteration_20.TestUsersPageAPIs" name="test_get_users_with_search" time="0.165" /><testcase classname="backend.tests.test_iteration_20.TestUsersPageAPIs" name="test_get_users_with_role_filter" time="0.149" /><testcase classname="backend.tests.test_iteration_20.TestSettingsPageConfig" name="test_get_settings" time="0.149" /><testcase classname="backend.tests.test_iteration_20.TestSettingsPageConfig" name="test_update_page_settings" time="0.380" /></testsuite></testsuites>