<?xml version="1.0" encoding="utf-8"?><testsuites name="pytest tests"><testsuite name="pytest" errors="0" failures="0" skipped="0" tests="18" time="4.541" timestamp="2026-03-17T17:34:29.647968+00:00" hostname="agent-env-23869d64-eaa7-42aa-94ff-ad061642fa0a"><testcase classname="backend.tests.test_jit_temp_leader.TestAssignTempLeader" name="test_assign_temp_leader_success" time="0.747" /><testcase classname="backend.tests.test_jit_temp_leader.TestAssignTempLeader" name="test_assign_temp_leader_min_duration_1hr" time="0.211" /><testcase classname="backend.tests.test_jit_temp_leader.TestAssignTempLeader" name="test_assign_temp_leader_max_duration_2weeks" time="0.195" /><testcase classname="backend.tests.test_jit_temp_leader.TestAssignTempLeader" name="test_assign_temp_leader_reject_duration_less_than_1hr" time="0.183" /><testcase classname="backend.tests.test_jit_temp_leader.TestAssignTempLeader" name="test_assign_temp_leader_reject_zero_duration" time="0.180" /><testcase classname="backend.tests.test_jit_temp_leader.TestAssignTempLeader" name="test_assign_temp_leader_reject_non_member" time="0.181" /><testcase classname="backend.tests.test_jit_temp_leader.TestAssignTempLeader" name="test_assign_temp_leader_reject_current_leader" time="0.192" /><testcase classname="backend.tests.test_jit_temp_leader.TestAssignTempLeader" name="test_assign_temp_leader_missing_temp_leader_id" time="0.432" /><testcase classname="backend.tests.test_jit_temp_leader.TestAssignTempLeader" name="test_assign_temp_leader_missing_duration" time="0.183" /><testcase classname="backend.tests.test_jit_temp_leader.TestAssignTempLeader" name="test_assign_temp_leader_nonexistent_subgroup" time="0.078" /><testcase classname="backend.tests.test_jit_temp_leader.TestAssignTempLeader" name="test_assign_temp_leader_without_auth" time="0.170" /><testcase classname="backend.tests.test_jit_temp_leader.TestRevokeTempLeader" name="test_revoke_temp_leader_success" time="0.261" /><testcase classname="backend.tests.test_jit_temp_leader.TestRevokeTempLeader" name="test_revoke_temp_leader_when_none_assigned" time="0.209" /><testcase classname="backend.tests.test_jit_temp_leader.TestRevokeTempLeader" name="test_revoke_temp_leader_nonexistent_subgroup" time="0.064" /><testcase classname="backend.tests.test_jit_temp_leader.TestRevokeTempLeader" name="test_revoke_temp_leader_without_auth" time="0.203" /><testcase classname="backend.tests.test_jit_temp_leader.TestTempLeaderInDivisionGroups" name="test_temp_leader_active_when_assigned" time="0.327" /><testcase classname="backend.tests.test_jit_temp_leader.TestTempLeaderInDivisionGroups" name="test_temp_leader_inactive_when_not_set" time="0.282" /><testcase classname="backend.tests.test_jit_temp_leader.TestTempLeaderInDivisionGroups" name="test_temp_leader_inactive_after_revoke" time="0.356" /></testsuite></testsuites>