<?xml version="1.0" encoding="utf-8"?><testsuites name="pytest tests"><testsuite name="pytest" errors="0" failures="3" skipped="1" tests="33" time="5.300" timestamp="2026-02-18T01:13:41.266079+00:00" hostname="agent-env-d78184a7-f097-4da1-90e8-394939130944"><testcase classname="backend.tests.test_module_pages.TestMeetingsAPI" name="test_get_meetings" time="0.818" /><testcase classname="backend.tests.test_module_pages.TestMeetingsAPI" name="test_create_meeting" time="0.178" /><testcase classname="backend.tests.test_module_pages.TestMeetingsAPI" name="test_get_meeting_by_id" time="0.134" /><testcase classname="backend.tests.test_module_pages.TestMeetingsAPI" name="test_delete_meeting" time="0.168" /><testcase classname="backend.tests.test_module_pages.TestNotesAPI" name="test_get_notes" time="0.156" /><testcase classname="backend.tests.test_module_pages.TestNotesAPI" name="test_create_note" time="0.151" /><testcase classname="backend.tests.test_module_pages.TestNotesAPI" name="test_get_note_by_id" time="0.131" /><testcase classname="backend.tests.test_module_pages.TestNotesAPI" name="test_create_note_folder" time="0.156" /><testcase classname="backend.tests.test_module_pages.TestNotesAPI" name="test_get_note_folders" time="0.111" /><testcase classname="backend.tests.test_module_pages.TestNotesAPI" name="test_delete_note" time="0.129" /><testcase classname="backend.tests.test_module_pages.TestMessagesAPI" name="test_get_conversations" time="0.126" /><testcase classname="backend.tests.test_module_pages.TestExpensesAPI" name="test_get_expenses" time="0.132" /><testcase classname="backend.tests.test_module_pages.TestExpensesAPI" name="test_get_expenses_stats" time="0.125" /><testcase classname="backend.tests.test_module_pages.TestExpensesAPI" name="test_create_expense" time="0.169" /><testcase classname="backend.tests.test_module_pages.TestExpensesAPI" name="test_verify_expense_created" time="0.131" /><testcase classname="backend.tests.test_module_pages.TestExpensesAPI" name="test_delete_expense" time="0.114" /><testcase classname="backend.tests.test_module_pages.TestTicketsAPI" name="test_get_tickets" time="0.158" /><testcase classname="backend.tests.test_module_pages.TestTicketsAPI" name="test_get_tickets_stats" time="0.135" /><testcase classname="backend.tests.test_module_pages.TestTicketsAPI" name="test_create_ticket" time="0.197" /><testcase classname="backend.tests.test_module_pages.TestTicketsAPI" name="test_verify_ticket_created" time="0.128" /><testcase classname="backend.tests.test_module_pages.TestTicketsAPI" name="test_delete_ticket" time="0.109" /><testcase classname="backend.tests.test_module_pages.TestFilesAPI" name="test_get_files" time="0.127" /><testcase classname="backend.tests.test_module_pages.TestFilesAPI" name="test_get_folders" time="0.138"><failure message="AssertionError: Failed: {&quot;detail&quot;:&quot;Not Found&quot;}&#10;assert 404 == 200&#10; +  where 404 = &lt;Response [404]&gt;.status_code">backend/tests/test_module_pages.py:344: in test_get_folders
    assert response.status_code == 200, f"Failed: {response.text}"
E   AssertionError: Failed: {"detail":"Not Found"}
E   assert 404 == 200
E    +  where 404 = &lt;Response [404]&gt;.status_code</failure></testcase><testcase classname="backend.tests.test_module_pages.TestFilesAPI" name="test_create_folder" time="0.125"><failure message="AssertionError: Failed to create folder: {&quot;detail&quot;:&quot;Not Found&quot;}&#10;assert 404 == 200&#10; +  where 404 = &lt;Response [404]&gt;.status_code">backend/tests/test_module_pages.py:356: in test_create_folder
    assert response.status_code == 200, f"Failed to create folder: {response.text}"
E   AssertionError: Failed to create folder: {"detail":"Not Found"}
E   assert 404 == 200
E    +  where 404 = &lt;Response [404]&gt;.status_code</failure></testcase><testcase classname="backend.tests.test_module_pages.TestFilesAPI" name="test_create_file" time="0.191" /><testcase classname="backend.tests.test_module_pages.TestFilesAPI" name="test_delete_file" time="0.205" /><testcase classname="backend.tests.test_module_pages.TestFilesAPI" name="test_delete_folder" time="0.000"><skipped type="pytest.skip" message="No folder created to delete">/app/backend/tests/test_module_pages.py:396: No folder created to delete</skipped></testcase><testcase classname="backend.tests.test_module_pages.TestSettingsAPI" name="test_get_settings" time="0.181" /><testcase classname="backend.tests.test_module_pages.TestSettingsAPI" name="test_get_roles" time="0.134" /><testcase classname="backend.tests.test_module_pages.TestSettingsAPI" name="test_update_settings" time="0.119" /><testcase classname="backend.tests.test_module_pages.TestHelpAPI" name="test_get_faqs" time="0.121"><failure message="AssertionError: Failed: {&quot;detail&quot;:&quot;Not Found&quot;}&#10;assert 404 == 200&#10; +  where 404 = &lt;Response [404]&gt;.status_code">backend/tests/test_module_pages.py:445: in test_get_faqs
    assert response.status_code == 200, f"Failed: {response.text}"
E   AssertionError: Failed: {"detail":"Not Found"}
E   assert 404 == 200
E    +  where 404 = &lt;Response [404]&gt;.status_code</failure></testcase><testcase classname="backend.tests.test_module_pages.TestProspectsAPI" name="test_get_prospects" time="0.162" /><testcase classname="backend.tests.test_module_pages.TestCleanup" name="test_cleanup_remaining_data" time="0.000" /></testsuite></testsuites>