<?xml version="1.0" encoding="utf-8"?><testsuites name="pytest tests"><testsuite name="pytest" errors="0" failures="0" skipped="0" tests="26" time="11.790" timestamp="2026-03-25T13:31:23.441569+00:00" hostname="agent-env-cfd4cd1d-a142-43bb-85e2-469bc0929adc"><testcase classname="backend.tests.test_multiselect_reports.TestMultiSelectReportsAPI" name="test_multiselect_divisions_single_value" time="0.601" /><testcase classname="backend.tests.test_multiselect_reports.TestMultiSelectReportsAPI" name="test_multiselect_divisions_multiple_values" time="0.436" /><testcase classname="backend.tests.test_multiselect_reports.TestMultiSelectReportsAPI" name="test_multiselect_divisions_three_values" time="0.447" /><testcase classname="backend.tests.test_multiselect_reports.TestMultiSelectReportsAPI" name="test_multiselect_departments_single_value" time="0.472" /><testcase classname="backend.tests.test_multiselect_reports.TestMultiSelectReportsAPI" name="test_multiselect_departments_multiple_values" time="0.469" /><testcase classname="backend.tests.test_multiselect_reports.TestMultiSelectReportsAPI" name="test_races_filter_available" time="0.381" /><testcase classname="backend.tests.test_multiselect_reports.TestMultiSelectReportsAPI" name="test_multiselect_races_single_value" time="0.530" /><testcase classname="backend.tests.test_multiselect_reports.TestMultiSelectReportsAPI" name="test_multiselect_races_multiple_values" time="0.440" /><testcase classname="backend.tests.test_multiselect_reports.TestMultiSelectReportsAPI" name="test_age_range_data_available" time="0.387" /><testcase classname="backend.tests.test_multiselect_reports.TestMultiSelectReportsAPI" name="test_age_min_filter" time="0.471" /><testcase classname="backend.tests.test_multiselect_reports.TestMultiSelectReportsAPI" name="test_age_max_filter" time="0.384" /><testcase classname="backend.tests.test_multiselect_reports.TestMultiSelectReportsAPI" name="test_age_range_filter" time="0.438" /><testcase classname="backend.tests.test_multiselect_reports.TestMultiSelectReportsAPI" name="test_age_range_narrow" time="0.439" /><testcase classname="backend.tests.test_multiselect_reports.TestMultiSelectReportsAPI" name="test_combined_divisions_and_races" time="0.427" /><testcase classname="backend.tests.test_multiselect_reports.TestMultiSelectReportsAPI" name="test_combined_divisions_and_age_range" time="0.385" /><testcase classname="backend.tests.test_multiselect_reports.TestMultiSelectReportsAPI" name="test_combined_all_demographic_filters" time="0.437" /><testcase classname="backend.tests.test_multiselect_reports.TestMultiSelectReportsAPI" name="test_empty_string_divisions" time="0.406" /><testcase classname="backend.tests.test_multiselect_reports.TestMultiSelectReportsAPI" name="test_empty_string_races" time="0.424" /><testcase classname="backend.tests.test_multiselect_reports.TestMultiSelectReportsAPI" name="test_whitespace_handling_divisions" time="0.421" /><testcase classname="backend.tests.test_multiselect_reports.TestMultiSelectReportsAPI" name="test_export_filtered_multiselect_divisions" time="0.689" /><testcase classname="backend.tests.test_multiselect_reports.TestMultiSelectReportsAPI" name="test_export_filtered_with_races" time="0.496" /><testcase classname="backend.tests.test_multiselect_reports.TestMultiSelectReportsAPI" name="test_export_filtered_with_age_range" time="0.414" /><testcase classname="backend.tests.test_multiselect_reports.TestMultiSelectReportsAPI" name="test_export_chart_success" time="0.409" /><testcase classname="backend.tests.test_multiselect_reports.TestMultiSelectReportsAPI" name="test_export_chart_empty_data_returns_400" time="0.442" /><testcase classname="backend.tests.test_multiselect_reports.TestMultiSelectReportsAPI" name="test_export_chart_missing_data_returns_400" time="0.411" /><testcase classname="backend.tests.test_multiselect_reports.TestMultiSelectReportsAPI" name="test_export_chart_with_real_data" time="0.448" /></testsuite></testsuites>