<?xml version="1.0" encoding="utf-8"?><testsuites name="pytest tests"><testsuite name="pytest" errors="0" failures="0" skipped="0" tests="14" time="2.413" timestamp="2026-04-12T19:03:05.564416+00:00" hostname="agent-env-6ca02f96-4f96-44e2-958d-85a7a15d297a"><testcase classname="tests.test_new_features.TestUserLookupByIdNumber" name="test_lookup_valid_id_number_returns_employee_details" time="0.430" /><testcase classname="tests.test_new_features.TestUserLookupByIdNumber" name="test_lookup_invalid_id_number_returns_404" time="0.047" /><testcase classname="tests.test_new_features.TestUserLookupByIdNumber" name="test_lookup_short_id_number_returns_400" time="0.270" /><testcase classname="tests.test_new_features.TestUserLookupByIdNumber" name="test_lookup_requires_authentication" time="0.046" /><testcase classname="tests.test_new_features.TestPDPApprovalWorkflow" name="test_pdp_status_update_to_pending_approval" time="0.098" /><testcase classname="tests.test_new_features.TestPDPApprovalWorkflow" name="test_pdp_status_update_to_manager_approved" time="0.046" /><testcase classname="tests.test_new_features.TestPDPApprovalWorkflow" name="test_pdp_status_update_to_ld_tracking" time="0.048" /><testcase classname="tests.test_new_features.TestPDPApprovalWorkflow" name="test_pdp_status_update_to_rejected" time="0.047" /><testcase classname="tests.test_new_features.TestPDPApprovalWorkflow" name="test_pdp_get_all_returns_entries" time="0.092" /><testcase classname="tests.test_new_features.TestDocumentStorage" name="test_application_with_document_json_data" time="0.144" /><testcase classname="tests.test_new_features.TestAuthenticationEndpoints" name="test_admin_login" time="0.268" /><testcase classname="tests.test_new_features.TestAuthenticationEndpoints" name="test_employee_login" time="0.270" /><testcase classname="tests.test_new_features.TestAuthenticationEndpoints" name="test_head_user_login" time="0.271" /><testcase classname="tests.test_new_features.TestAuthenticationEndpoints" name="test_super_admin_login" time="0.268" /></testsuite></testsuites>