<?xml version="1.0" encoding="utf-8"?><testsuites name="pytest tests"><testsuite name="pytest" errors="0" failures="1" skipped="1" tests="21" time="6.315" timestamp="2026-03-25T14:01:02.246805+00:00" hostname="agent-env-cfd4cd1d-a142-43bb-85e2-469bc0929adc"><testcase classname="backend.tests.test_notification_lock_features.TestNotificationRecent" name="test_get_recent_notifications_returns_200" time="0.867" /><testcase classname="backend.tests.test_notification_lock_features.TestNotificationRecent" name="test_recent_notifications_max_5" time="0.118" /><testcase classname="backend.tests.test_notification_lock_features.TestNotificationRecent" name="test_recent_notifications_sorted_by_created_at" time="0.160" /><testcase classname="backend.tests.test_notification_lock_features.TestNotificationRecent" name="test_recent_notifications_structure" time="0.138" /><testcase classname="backend.tests.test_notification_lock_features.TestNotificationRecent" name="test_recent_notifications_unauthenticated_401" time="0.135"><failure message="AssertionError: Expected 401, got 403&#10;assert 403 == 401&#10; +  where 403 = &lt;Response [403]&gt;.status_code">backend/tests/test_notification_lock_features.py:95: in test_recent_notifications_unauthenticated_401
    assert response.status_code == 401, f"Expected 401, got {response.status_code}"
E   AssertionError: Expected 401, got 403
E   assert 403 == 401
E    +  where 403 = &lt;Response [403]&gt;.status_code</failure></testcase><testcase classname="backend.tests.test_notification_lock_features.TestBursaryApplicationLock" name="test_lock_bursary_application_admin" time="0.362" /><testcase classname="backend.tests.test_notification_lock_features.TestBursaryApplicationLock" name="test_verify_application_locked" time="0.194" /><testcase classname="backend.tests.test_notification_lock_features.TestBursaryApplicationLock" name="test_unlock_bursary_application_admin" time="0.169" /><testcase classname="backend.tests.test_notification_lock_features.TestBursaryApplicationLock" name="test_verify_application_unlocked" time="0.115" /><testcase classname="backend.tests.test_notification_lock_features.TestBursaryApplicationLock" name="test_lock_nonexistent_application_404" time="0.117" /><testcase classname="backend.tests.test_notification_lock_features.TestBursaryBatchUnlock" name="test_batch_unlock_empty_list_400" time="0.118" /><testcase classname="backend.tests.test_notification_lock_features.TestBursaryBatchUnlock" name="test_batch_unlock_success" time="0.567" /><testcase classname="backend.tests.test_notification_lock_features.TestTrainingApplicationLock" name="test_lock_training_application_admin" time="0.253" /><testcase classname="backend.tests.test_notification_lock_features.TestTrainingApplicationLock" name="test_unlock_training_application_admin" time="0.129" /><testcase classname="backend.tests.test_notification_lock_features.TestTrainingApplicationLock" name="test_lock_training_nonexistent_404" time="0.108" /><testcase classname="backend.tests.test_notification_lock_features.TestTrainingBatchUnlock" name="test_batch_unlock_training_empty_400" time="0.178" /><testcase classname="backend.tests.test_notification_lock_features.TestTrainingBatchUnlock" name="test_batch_unlock_training_success" time="0.530" /><testcase classname="backend.tests.test_notification_lock_features.TestEmployeeLockEnforcement" name="test_employee_cannot_edit_locked_bursary_app" time="0.639"><skipped type="pytest.skip" message="No non-draft applications for employee to test lock enforcement">/app/backend/tests/test_notification_lock_features.py:351: No non-draft applications for employee to test lock enforcement</skipped></testcase><testcase classname="backend.tests.test_notification_lock_features.TestEmployeeLockEnforcement" name="test_admin_can_edit_locked_bursary_app" time="0.723" /><testcase classname="backend.tests.test_notification_lock_features.TestNotificationReferenceTypes" name="test_unlock_creates_notification_with_reference_type" time="0.481" /><testcase classname="backend.tests.test_notification_lock_features.TestUnreadCount" name="test_get_unread_count" time="0.116" /></testsuite></testsuites>