<?xml version="1.0" encoding="utf-8"?><testsuites name="pytest tests"><testsuite name="pytest" errors="0" failures="0" skipped="0" tests="10" time="3.045" timestamp="2026-02-18T00:00:01.527529+00:00" hostname="agent-env-8fedc35e-78de-4ca4-b46b-c62f083eef45"><testcase classname="backend.tests.test_otp_auth.TestOTPAuthentication" name="test_request_otp_success" time="0.217" /><testcase classname="backend.tests.test_otp_auth.TestOTPAuthentication" name="test_request_otp_missing_email" time="0.158" /><testcase classname="backend.tests.test_otp_auth.TestOTPAuthentication" name="test_request_otp_empty_email" time="0.175" /><testcase classname="backend.tests.test_otp_auth.TestOTPAuthentication" name="test_verify_otp_success" time="0.389" /><testcase classname="backend.tests.test_otp_auth.TestOTPAuthentication" name="test_verify_otp_wrong_code" time="0.297" /><testcase classname="backend.tests.test_otp_auth.TestOTPAuthentication" name="test_verify_otp_missing_params" time="0.381" /><testcase classname="backend.tests.test_otp_auth.TestOTPAuthentication" name="test_verify_otp_no_otp_requested" time="0.276" /><testcase classname="backend.tests.test_otp_auth.TestOTPAuthentication" name="test_otp_creates_new_user_if_not_exists" time="0.322" /><testcase classname="backend.tests.test_otp_auth.TestStandardLogin" name="test_login_with_credentials" time="0.410" /><testcase classname="backend.tests.test_otp_auth.TestStandardLogin" name="test_login_wrong_password" time="0.353" /></testsuite></testsuites>