<?xml version="1.0" encoding="utf-8"?><testsuites name="pytest tests"><testsuite name="pytest" errors="0" failures="0" skipped="0" tests="9" time="5.651" timestamp="2026-02-18T05:36:05.257064+00:00" hostname="agent-env-d78184a7-f097-4da1-90e8-394939130944"><testcase classname="backend.tests.test_pdp.TestPDPAPI" name="test_get_pdp_entries" time="0.581" /><testcase classname="backend.tests.test_pdp.TestPDPAPI" name="test_create_pdp_entry_with_all_5_fields" time="0.591" /><testcase classname="backend.tests.test_pdp.TestPDPAPI" name="test_create_and_get_pdp_entry_persistence" time="0.695" /><testcase classname="backend.tests.test_pdp.TestPDPAPI" name="test_update_pdp_entry_status" time="0.781" /><testcase classname="backend.tests.test_pdp.TestPDPAPI" name="test_update_pdp_entry_all_fields" time="0.947" /><testcase classname="backend.tests.test_pdp.TestPDPAPI" name="test_delete_pdp_entry" time="0.670" /><testcase classname="backend.tests.test_pdp.TestPDPAPI" name="test_get_nonexistent_pdp_entry" time="0.447" /><testcase classname="backend.tests.test_pdp.TestPDPAPI" name="test_update_nonexistent_pdp_entry" time="0.449" /><testcase classname="backend.tests.test_pdp.TestPDPAPI" name="test_delete_nonexistent_pdp_entry" time="0.428" /></testsuite></testsuites>