<?xml version="1.0" encoding="utf-8"?><testsuites name="pytest tests"><testsuite name="pytest" errors="0" failures="0" skipped="0" tests="14" time="5.288" timestamp="2026-02-17T23:34:24.941277+00:00" hostname="agent-env-8fedc35e-78de-4ca4-b46b-c62f083eef45"><testcase classname="tests.test_tasks_and_reports.TestAuthentication" name="test_login_success" time="0.404" /><testcase classname="tests.test_tasks_and_reports.TestTasksAPI" name="test_get_all_tasks" time="0.496" /><testcase classname="tests.test_tasks_and_reports.TestTasksAPI" name="test_create_task" time="0.209" /><testcase classname="tests.test_tasks_and_reports.TestTasksAPI" name="test_create_task_and_verify_persistence" time="0.385" /><testcase classname="tests.test_tasks_and_reports.TestTasksAPI" name="test_update_task_status" time="0.787" /><testcase classname="tests.test_tasks_and_reports.TestTasksAPI" name="test_delete_task" time="0.433" /><testcase classname="tests.test_tasks_and_reports.TestTasksExport" name="test_export_tasks_excel" time="0.552" /><testcase classname="tests.test_tasks_and_reports.TestTasksExport" name="test_export_tasks_pdf" time="0.131" /><testcase classname="tests.test_tasks_and_reports.TestReportsAPI" name="test_get_dashboard_stats" time="0.486" /><testcase classname="tests.test_tasks_and_reports.TestReportsAPI" name="test_export_tasks_report_excel" time="0.146" /><testcase classname="tests.test_tasks_and_reports.TestReportsAPI" name="test_export_tasks_report_pdf" time="0.150" /><testcase classname="tests.test_tasks_and_reports.TestReportsAPI" name="test_export_tasks_report_csv" time="0.149" /><testcase classname="tests.test_tasks_and_reports.TestReportsAPI" name="test_export_applications_report" time="0.142" /><testcase classname="tests.test_tasks_and_reports.TestCleanup" name="test_cleanup_test_tasks" time="0.764" /></testsuite></testsuites>