<?xml version="1.0" encoding="utf-8"?><testsuites name="pytest tests"><testsuite name="pytest" errors="0" failures="0" skipped="0" tests="16" time="2.802" timestamp="2026-02-17T22:42:25.201224+00:00" hostname="agent-env-8fedc35e-78de-4ca4-b46b-c62f083eef45"><testcase classname="backend.tests.test_tasks_export.TestTasksExportExcel" name="test_export_excel_returns_200" time="0.619" /><testcase classname="backend.tests.test_tasks_export.TestTasksExportExcel" name="test_export_excel_content_type" time="0.193" /><testcase classname="backend.tests.test_tasks_export.TestTasksExportExcel" name="test_export_excel_has_content" time="0.129" /><testcase classname="backend.tests.test_tasks_export.TestTasksExportExcel" name="test_export_excel_with_status_filter" time="0.119" /><testcase classname="backend.tests.test_tasks_export.TestTasksExportExcel" name="test_export_excel_with_priority_filter" time="0.171" /><testcase classname="backend.tests.test_tasks_export.TestTasksExportExcel" name="test_export_excel_with_date_range" time="0.151" /><testcase classname="backend.tests.test_tasks_export.TestTasksExportExcel" name="test_export_excel_unauthorized" time="0.113" /><testcase classname="backend.tests.test_tasks_export.TestTasksExportPdf" name="test_export_pdf_returns_200" time="0.116" /><testcase classname="backend.tests.test_tasks_export.TestTasksExportPdf" name="test_export_pdf_content_type" time="0.117" /><testcase classname="backend.tests.test_tasks_export.TestTasksExportPdf" name="test_export_pdf_has_content" time="0.165" /><testcase classname="backend.tests.test_tasks_export.TestTasksExportPdf" name="test_export_pdf_with_status_filter" time="0.140" /><testcase classname="backend.tests.test_tasks_export.TestTasksExportPdf" name="test_export_pdf_with_priority_filter" time="0.143" /><testcase classname="backend.tests.test_tasks_export.TestTasksExportPdf" name="test_export_pdf_with_date_range" time="0.139" /><testcase classname="backend.tests.test_tasks_export.TestTasksExportPdf" name="test_export_pdf_unauthorized" time="0.117" /><testcase classname="backend.tests.test_tasks_export.TestTasksCRUD" name="test_get_tasks_returns_200" time="0.142" /><testcase classname="backend.tests.test_tasks_export.TestTasksCRUD" name="test_get_tasks_with_status_filter" time="0.151" /></testsuite></testsuites>