<?xml version="1.0" encoding="utf-8"?><testsuites name="pytest tests"><testsuite name="pytest" errors="0" failures="1" skipped="0" tests="29" time="30.522" timestamp="2026-02-18T01:30:01.853828+00:00" hostname="agent-env-d78184a7-f097-4da1-90e8-394939130944"><testcase classname="tests.test_rbac_users.TestRBACUserManagement" name="test_admin_can_create_user" time="1.405"><failure message="AssertionError: assert 'test_rbac_us...238@uct.ac.za' == 'TEST_rbac_us...238@uct.ac.za'&#10;  &#10;  - TEST_rbac_user_2e25c238@uct.ac.za&#10;  ? ^^^^&#10;  + test_rbac_user_2e25c238@uct.ac.za&#10;  ? ^^^^">tests/test_rbac_users.py:66: in test_admin_can_create_user
    assert user_data.get("email") == test_email
E   AssertionError: assert 'test_rbac_us...238@uct.ac.za' == 'TEST_rbac_us...238@uct.ac.za'
E     
E     - TEST_rbac_user_2e25c238@uct.ac.za
E     ? ^^^^
E     + test_rbac_user_2e25c238@uct.ac.za
E     ? ^^^^</failure></testcase><testcase classname="tests.test_rbac_users.TestRBACUserManagement" name="test_student_cannot_create_user" time="0.913" /><testcase classname="tests.test_rbac_users.TestRBACUserManagement" name="test_admin_create_user_with_admin_role" time="1.272" /><testcase classname="tests.test_rbac_users.TestRBACUserManagement" name="test_create_user_invalid_role_rejected" time="1.281" /><testcase classname="tests.test_rbac_users.TestRBACUserManagement" name="test_admin_can_delete_user" time="1.485" /><testcase classname="tests.test_rbac_users.TestRBACUserManagement" name="test_student_cannot_delete_user" time="1.603" /><testcase classname="tests.test_rbac_users.TestRBACUserManagement" name="test_admin_cannot_delete_self" time="1.039" /><testcase classname="tests.test_rbac_users.TestRBACUserManagement" name="test_admin_can_change_user_role" time="1.855" /><testcase classname="tests.test_rbac_users.TestRBACUserManagement" name="test_student_cannot_change_role" time="0.915" /><testcase classname="tests.test_rbac_users.TestRBACUserManagement" name="test_admin_can_get_users_list" time="0.862" /><testcase classname="tests.test_rbac_users.TestRBACUserManagement" name="test_student_can_get_users_list" time="0.984" /><testcase classname="tests.test_rbac_users.TestRBACAccessControl" name="test_admin_can_access_settings" time="1.194" /><testcase classname="tests.test_rbac_users.TestRBACAccessControl" name="test_admin_can_access_reports" time="1.017" /><testcase classname="tests.test_rbac_users.TestRBACAccessControl" name="test_admin_can_access_leads" time="0.961" /><testcase classname="tests.test_rbac_users.TestRBACAccessControl" name="test_admin_can_access_sponsors" time="0.983" /><testcase classname="tests.test_rbac_users.TestRBACAccessControl" name="test_admin_can_access_expenses" time="0.898" /><testcase classname="tests.test_rbac_users.TestRBACAccessControl" name="test_admin_can_access_prospects" time="0.943" /><testcase classname="tests.test_rbac_users.TestRBACAccessControl" name="test_admin_can_access_projects" time="0.856" /><testcase classname="tests.test_rbac_users.TestRBACAccessControl" name="test_admin_can_access_bbbee" time="0.916" /><testcase classname="tests.test_rbac_users.TestRBACAccessControl" name="test_student_can_access_dashboard" time="0.921" /><testcase classname="tests.test_rbac_users.TestRBACAccessControl" name="test_student_can_access_tasks" time="0.874" /><testcase classname="tests.test_rbac_users.TestRBACAccessControl" name="test_student_can_access_meetings" time="0.885" /><testcase classname="tests.test_rbac_users.TestRBACAccessControl" name="test_student_can_access_notes" time="0.855" /><testcase classname="tests.test_rbac_users.TestRBACAccessControl" name="test_student_can_access_messages" time="0.910" /><testcase classname="tests.test_rbac_users.TestRBACAccessControl" name="test_student_can_access_files" time="0.987" /><testcase classname="tests.test_rbac_users.TestRBACAccessControl" name="test_student_can_access_tickets" time="0.900" /><testcase classname="tests.test_rbac_users.TestRBACAccessControl" name="test_student_can_access_events" time="0.873" /><testcase classname="tests.test_rbac_users.TestRBACAccessControl" name="test_student_can_access_teams" time="0.921" /><testcase classname="tests.test_rbac_users.TestRBACAccessControl" name="test_student_can_access_applications" time="0.909" /></testsuite></testsuites>