<?xml version="1.0" encoding="utf-8"?><testsuites name="pytest tests"><testsuite name="pytest" errors="0" failures="0" skipped="0" tests="9" time="1.617" timestamp="2026-03-18T12:09:16.095991+00:00" hostname="agent-env-5219ee97-a886-41e4-aac3-7f2b13ebdbf5"><testcase classname="backend.tests.test_reedit_applications.TestAuthSetup" name="test_login_super_admin" time="0.390" /><testcase classname="backend.tests.test_reedit_applications.TestBursaryApplications" name="test_get_all_applications" time="0.336" /><testcase classname="backend.tests.test_reedit_applications.TestBursaryApplications" name="test_request_reedit_bursary" time="0.153" /><testcase classname="backend.tests.test_reedit_applications.TestBursaryApplications" name="test_allow_reedit_bursary" time="0.108" /><testcase classname="backend.tests.test_reedit_applications.TestTrainingApplications" name="test_get_all_training_applications" time="0.053" /><testcase classname="backend.tests.test_reedit_applications.TestTrainingApplications" name="test_request_reedit_training" time="0.216" /><testcase classname="backend.tests.test_reedit_applications.TestTrainingApplications" name="test_allow_reedit_training" time="0.105" /><testcase classname="backend.tests.test_reedit_applications.TestNotifications" name="test_get_notifications" time="0.050" /><testcase classname="backend.tests.test_reedit_applications.Test24HourEditWindow" name="test_edit_within_24hrs_allowed" time="0.155" /></testsuite></testsuites>