<?xml version="1.0" encoding="utf-8"?><testsuites name="pytest tests"><testsuite name="pytest" errors="0" failures="0" skipped="0" tests="49" time="22.692" timestamp="2026-03-25T15:16:43.504717+00:00" hostname="agent-env-6ca02f96-4f96-44e2-958d-85a7a15d297a"><testcase classname="tests.test_refactored_routers.TestAuthRouter" name="test_login_super_admin" time="0.435" /><testcase classname="tests.test_refactored_routers.TestAuthRouter" name="test_login_admin" time="0.345" /><testcase classname="tests.test_refactored_routers.TestAuthRouter" name="test_login_employee" time="0.353" /><testcase classname="tests.test_refactored_routers.TestAuthRouter" name="test_login_head_user" time="0.323" /><testcase classname="tests.test_refactored_routers.TestAuthRouter" name="test_login_invalid_credentials" time="0.114" /><testcase classname="tests.test_refactored_routers.TestAuthRouter" name="test_auth_me" time="0.469" /><testcase classname="tests.test_refactored_routers.TestUsersRouter" name="test_get_users" time="0.490" /><testcase classname="tests.test_refactored_routers.TestUsersRouter" name="test_get_users_me" time="0.445" /><testcase classname="tests.test_refactored_routers.TestApplicationsRouter" name="test_get_applications" time="0.449" /><testcase classname="tests.test_refactored_routers.TestApplicationsRouter" name="test_get_training_applications" time="0.455" /><testcase classname="tests.test_refactored_routers.TestApplicationsRouter" name="test_get_application_settings" time="0.466" /><testcase classname="tests.test_refactored_routers.TestTeamsRouter" name="test_get_teams" time="0.439" /><testcase classname="tests.test_refactored_routers.TestMeetingsRouter" name="test_get_meetings" time="0.467" /><testcase classname="tests.test_refactored_routers.TestNotesRouter" name="test_get_notes" time="0.448" /><testcase classname="tests.test_refactored_routers.TestNotesRouter" name="test_get_note_folders" time="0.438" /><testcase classname="tests.test_refactored_routers.TestFilesRouter" name="test_get_files" time="0.446" /><testcase classname="tests.test_refactored_routers.TestFilesRouter" name="test_get_folders" time="0.433" /><testcase classname="tests.test_refactored_routers.TestTasksRouter" name="test_get_tasks" time="0.456" /><testcase classname="tests.test_refactored_routers.TestProjectsRouter" name="test_get_projects" time="0.460" /><testcase classname="tests.test_refactored_routers.TestProjectsRouter" name="test_get_clients" time="0.449" /><testcase classname="tests.test_refactored_routers.TestProjectsRouter" name="test_get_leads" time="0.542" /><testcase classname="tests.test_refactored_routers.TestProjectsRouter" name="test_get_prospects" time="0.449" /><testcase classname="tests.test_refactored_routers.TestProjectsRouter" name="test_get_sponsors" time="0.467" /><testcase classname="tests.test_refactored_routers.TestEventsRouter" name="test_get_events" time="0.498" /><testcase classname="tests.test_refactored_routers.TestEventsRouter" name="test_create_event" time="0.566" /><testcase classname="tests.test_refactored_routers.TestPDPRouter" name="test_get_pdp" time="0.459" /><testcase classname="tests.test_refactored_routers.TestPDPRouter" name="test_create_pdp" time="0.590" /><testcase classname="tests.test_refactored_routers.TestDivisionsRouter" name="test_get_divisions" time="0.444" /><testcase classname="tests.test_refactored_routers.TestDivisionsRouter" name="test_get_departments" time="0.460" /><testcase classname="tests.test_refactored_routers.TestDivisionsRouter" name="test_get_division_groups" time="0.540" /><testcase classname="tests.test_refactored_routers.TestDivisionGroupsRBAC" name="test_head_user_sees_only_their_division" time="0.474" /><testcase classname="tests.test_refactored_routers.TestSettingsRouter" name="test_get_settings" time="0.449" /><testcase classname="tests.test_refactored_routers.TestSettingsRouter" name="test_get_roles" time="0.444" /><testcase classname="tests.test_refactored_routers.TestSettingsRouter" name="test_get_faqs" time="0.462" /><testcase classname="tests.test_refactored_routers.TestSettingsRouter" name="test_get_dashboard_preferences" time="0.471" /><testcase classname="tests.test_refactored_routers.TestSettingsRouter" name="test_export_applications_json" time="0.476" /><testcase classname="tests.test_refactored_routers.TestTicketsRouter" name="test_get_tickets" time="0.459" /><testcase classname="tests.test_refactored_routers.TestTicketsRouter" name="test_get_ticket_stats" time="0.460" /><testcase classname="tests.test_refactored_routers.TestNotificationsRouter" name="test_get_notifications" time="0.502" /><testcase classname="tests.test_refactored_routers.TestNotificationsRouter" name="test_get_recent_notifications" time="0.528" /><testcase classname="tests.test_refactored_routers.TestNotificationsRouter" name="test_get_unread_count" time="0.490" /><testcase classname="tests.test_refactored_routers.TestReportsRouter" name="test_get_dashboard_stats" time="0.469" /><testcase classname="tests.test_refactored_routers.TestReportsRouter" name="test_get_report_summary" time="0.655" /><testcase classname="tests.test_refactored_routers.TestReportsRouter" name="test_get_interactive_data" time="0.454" /><testcase classname="tests.test_refactored_routers.TestExpensesRouter" name="test_get_expenses" time="0.471" /><testcase classname="tests.test_refactored_routers.TestMessagesRouter" name="test_get_conversations" time="0.478" /><testcase classname="tests.test_refactored_routers.TestMessagesRouter" name="test_get_contactable_users" time="0.495" /><testcase classname="tests.test_refactored_routers.TestBBBEERouter" name="test_get_bbbee" time="0.480" /><testcase classname="tests.test_refactored_routers.TestEmployeeRBAC" name="test_employee_can_see_events" time="0.457" /></testsuite></testsuites>