<?xml version="1.0" encoding="utf-8"?><testsuites name="pytest tests"><testsuite name="pytest" errors="0" failures="0" skipped="0" tests="11" time="5.581" timestamp="2026-03-18T19:03:17.294317+00:00" hostname="agent-env-5219ee97-a886-41e4-aac3-7f2b13ebdbf5"><testcase classname="backend.tests.test_settings_reports_rbac.TestSettingsRBACAndReports" name="test_01_get_roles" time="0.557" /><testcase classname="backend.tests.test_settings_reports_rbac.TestSettingsRBACAndReports" name="test_02_create_role" time="0.424" /><testcase classname="backend.tests.test_settings_reports_rbac.TestSettingsRBACAndReports" name="test_03_update_role_permissions" time="0.489" /><testcase classname="backend.tests.test_settings_reports_rbac.TestSettingsRBACAndReports" name="test_04_cannot_delete_system_role" time="0.522" /><testcase classname="backend.tests.test_settings_reports_rbac.TestSettingsRBACAndReports" name="test_05_delete_custom_role" time="0.511" /><testcase classname="backend.tests.test_settings_reports_rbac.TestSettingsRBACAndReports" name="test_06_get_dashboard_preferences" time="0.617" /><testcase classname="backend.tests.test_settings_reports_rbac.TestSettingsRBACAndReports" name="test_07_update_dashboard_preferences" time="0.432" /><testcase classname="backend.tests.test_settings_reports_rbac.TestSettingsRBACAndReports" name="test_08_verify_dashboard_preferences_persisted" time="0.497" /><testcase classname="backend.tests.test_settings_reports_rbac.TestSettingsRBACAndReports" name="test_09_get_reports_dashboard" time="0.447" /><testcase classname="backend.tests.test_settings_reports_rbac.TestSettingsRBACAndReports" name="test_10_reports_dashboard_division_count" time="0.497" /><testcase classname="backend.tests.test_settings_reports_rbac.TestSettingsRBACAndReports" name="test_11_settings_general_api" time="0.528" /></testsuite></testsuites>