<?xml version="1.0" encoding="utf-8"?><testsuites name="pytest tests"><testsuite name="pytest" errors="0" failures="0" skipped="0" tests="16" time="4.534" timestamp="2026-03-17T16:02:51.966977+00:00" hostname="agent-env-23869d64-eaa7-42aa-94ff-ad061642fa0a"><testcase classname="backend.tests.test_subgroups.TestSubgroupsAPI" name="test_get_division_groups_includes_subgroups" time="0.843" /><testcase classname="backend.tests.test_subgroups.TestSubgroupsAPI" name="test_subgroup_has_leader_info" time="0.088" /><testcase classname="backend.tests.test_subgroups.TestSubgroupsAPI" name="test_subgroup_has_members" time="0.078" /><testcase classname="backend.tests.test_subgroups.TestSubgroupsAPI" name="test_create_subgroup" time="0.302" /><testcase classname="backend.tests.test_subgroups.TestSubgroupsAPI" name="test_create_subgroup_nonexistent_division" time="0.084" /><testcase classname="backend.tests.test_subgroups.TestSubgroupsAPI" name="test_rename_subgroup" time="0.391" /><testcase classname="backend.tests.test_subgroups.TestSubgroupsAPI" name="test_update_subgroup_leader" time="0.380" /><testcase classname="backend.tests.test_subgroups.TestSubgroupsAPI" name="test_update_nonexistent_subgroup" time="0.109" /><testcase classname="backend.tests.test_subgroups.TestSubgroupsAPI" name="test_add_member_to_subgroup" time="0.507" /><testcase classname="backend.tests.test_subgroups.TestSubgroupsAPI" name="test_add_member_to_nonexistent_subgroup" time="0.146" /><testcase classname="backend.tests.test_subgroups.TestSubgroupsAPI" name="test_remove_member_from_subgroup" time="0.587" /><testcase classname="backend.tests.test_subgroups.TestSubgroupsAPI" name="test_delete_subgroup" time="0.261" /><testcase classname="backend.tests.test_subgroups.TestSubgroupsAPI" name="test_delete_nonexistent_subgroup" time="0.096" /><testcase classname="backend.tests.test_subgroups.TestSubgroupsAPI" name="test_create_subgroup_without_auth" time="0.129" /><testcase classname="backend.tests.test_subgroups.TestSubgroupsAPI" name="test_update_subgroup_without_auth" time="0.183" /><testcase classname="backend.tests.test_subgroups.TestSubgroupsAPI" name="test_delete_subgroup_without_auth" time="0.271" /></testsuite></testsuites>