<?xml version="1.0" encoding="utf-8"?><testsuites name="pytest tests"><testsuite name="pytest" errors="0" failures="0" skipped="0" tests="12" time="7.944" timestamp="2026-03-25T08:45:31.150909+00:00" hostname="agent-env-c6581ae6-660f-423b-9edc-3643854bc691"><testcase classname="backend.tests.test_ticket_routing_escalation.TestTicketAutoRouting" name="test_training_application_auto_assigns_to_subgroup_head" time="1.055" /><testcase classname="backend.tests.test_ticket_routing_escalation.TestTicketAutoRouting" name="test_bursary_application_auto_assigns_to_subgroup_head" time="0.251" /><testcase classname="backend.tests.test_ticket_routing_escalation.TestTicketAutoRouting" name="test_hr_query_routes_to_admins" time="0.206" /><testcase classname="backend.tests.test_ticket_routing_escalation.TestTicketAutoRouting" name="test_technical_support_routes_to_admins" time="0.216" /><testcase classname="backend.tests.test_ticket_routing_escalation.TestSubgroupHeadTicketVisibility" name="test_subgroup_head_sees_assigned_tickets" time="0.626" /><testcase classname="backend.tests.test_ticket_routing_escalation.TestTicketEscalation" name="test_escalation_to_hr_query_reroutes_to_admins" time="0.419" /><testcase classname="backend.tests.test_ticket_routing_escalation.TestTicketEscalation" name="test_escalation_to_technical_support_reroutes_to_admins" time="0.413" /><testcase classname="backend.tests.test_ticket_routing_escalation.TestTicketEscalation" name="test_escalation_creates_system_comment" time="0.467" /><testcase classname="backend.tests.test_ticket_routing_escalation.TestNotifications" name="test_notification_created_for_assigned_head" time="0.839" /><testcase classname="backend.tests.test_ticket_routing_escalation.TestNotifications" name="test_notifications_created_for_admins_on_hr_query" time="0.821" /><testcase classname="backend.tests.test_ticket_routing_escalation.TestNotifications" name="test_notifications_created_for_admins_on_technical_support" time="1.818" /><testcase classname="backend.tests.test_ticket_routing_escalation.TestAdminTicketVisibility" name="test_admin_sees_all_tickets" time="0.729" /></testsuite></testsuites>