<?xml version="1.0" encoding="utf-8"?><testsuites name="pytest tests"><testsuite name="pytest" errors="0" failures="0" skipped="0" tests="9" time="4.665" timestamp="2026-02-18T00:21:41.839083+00:00" hostname="agent-env-8fedc35e-78de-4ca4-b46b-c62f083eef45"><testcase classname="backend.tests.test_users_profile.TestAuthAndSetup" name="test_login_success" time="0.608" /><testcase classname="backend.tests.test_users_profile.TestUsersAPI" name="test_get_all_users" time="0.696" /><testcase classname="backend.tests.test_users_profile.TestUsersAPI" name="test_get_users_with_search" time="0.239" /><testcase classname="backend.tests.test_users_profile.TestUsersAPI" name="test_get_users_with_role_filter" time="0.152" /><testcase classname="backend.tests.test_users_profile.TestUserProfileAPI" name="test_get_my_profile" time="0.629" /><testcase classname="backend.tests.test_users_profile.TestUserProfileAPI" name="test_update_my_profile" time="0.378" /><testcase classname="backend.tests.test_users_profile.TestUserProfileAPI" name="test_update_profile_full_name" time="0.505" /><testcase classname="backend.tests.test_users_profile.TestUserInviteAPI" name="test_invite_user_requires_admin_or_manager" time="0.576" /><testcase classname="backend.tests.test_users_profile.TestUserStatusAPI" name="test_get_single_user" time="0.719" /></testsuite></testsuites>