<?xml version="1.0" encoding="utf-8"?><testsuites name="pytest tests"><testsuite name="pytest" errors="0" failures="0" skipped="0" tests="9" time="1.592" timestamp="2026-03-18T12:26:32.395931+00:00" hostname="agent-env-5219ee97-a886-41e4-aac3-7f2b13ebdbf5"><testcase classname="backend.tests.test_user_edit_profile.TestUserUpdateAPI" name="test_get_all_users" time="0.543" /><testcase classname="backend.tests.test_user_edit_profile.TestUserUpdateAPI" name="test_find_dataset_user_tebogo" time="0.058" /><testcase classname="backend.tests.test_user_edit_profile.TestUserUpdateAPI" name="test_update_user_level_field" time="0.211" /><testcase classname="backend.tests.test_user_edit_profile.TestUserUpdateAPI" name="test_update_user_expanded_fields" time="0.203" /><testcase classname="backend.tests.test_user_edit_profile.TestUserUpdateAPI" name="test_update_user_ofo_fields" time="0.199" /><testcase classname="backend.tests.test_user_edit_profile.TestUserUpdateAPI" name="test_update_user_email_field" time="0.112" /><testcase classname="backend.tests.test_user_edit_profile.TestProfileFields" name="test_user_me_returns_dataset_fields" time="0.045" /><testcase classname="backend.tests.test_user_edit_profile.TestProfileFields" name="test_student_id_not_in_response" time="0.059" /><testcase classname="backend.tests.test_user_edit_profile.TestViewUserDetails" name="test_get_user_by_id_all_fields" time="0.111" /></testsuite></testsuites>