<?xml version="1.0" encoding="utf-8"?><testsuites name="pytest tests"><testsuite name="pytest" errors="0" failures="0" skipped="0" tests="8" time="3.406" timestamp="2026-03-18T19:43:01.964451+00:00" hostname="agent-env-56586b8c-b3d9-438e-a802-f23ec3953ded"><testcase classname="backend.tests.test_user_import_reports_zoom.TestUserImportFeature" name="test_download_import_template" time="0.466" /><testcase classname="backend.tests.test_user_import_reports_zoom.TestUserImportFeature" name="test_bulk_import_users_success" time="0.473" /><testcase classname="backend.tests.test_user_import_reports_zoom.TestUserImportFeature" name="test_bulk_import_skips_duplicates" time="0.457" /><testcase classname="backend.tests.test_user_import_reports_zoom.TestUserImportFeature" name="test_bulk_import_skips_empty_emails" time="0.383" /><testcase classname="backend.tests.test_user_import_reports_zoom.TestUserImportFeature" name="test_import_template_requires_auth" time="0.489" /><testcase classname="backend.tests.test_user_import_reports_zoom.TestUserImportFeature" name="test_bulk_import_requires_auth" time="0.463" /><testcase classname="backend.tests.test_user_import_reports_zoom.TestReportsAPI" name="test_reports_dashboard_endpoint" time="0.425" /><testcase classname="backend.tests.test_user_import_reports_zoom.TestHealthCheck" name="test_api_is_reachable" time="0.186" /></testsuite></testsuites>