<?xml version="1.0" encoding="utf-8"?><testsuites name="pytest tests"><testsuite name="pytest" errors="0" failures="0" skipped="0" tests="17" time="4.120" timestamp="2026-03-18T19:57:13.209453+00:00" hostname="agent-env-56586b8c-b3d9-438e-a802-f23ec3953ded"><testcase classname="backend.tests.test_xlsx_exports_filters.TestUserImportTemplate" name="test_import_template_returns_xlsx" time="0.709" /><testcase classname="backend.tests.test_xlsx_exports_filters.TestUserImportTemplate" name="test_import_template_requires_auth" time="0.166" /><testcase classname="backend.tests.test_xlsx_exports_filters.TestExpensesExportExcel" name="test_expenses_export_xlsx_basic" time="0.500" /><testcase classname="backend.tests.test_xlsx_exports_filters.TestExpensesExportExcel" name="test_expenses_export_with_status_filter" time="0.139" /><testcase classname="backend.tests.test_xlsx_exports_filters.TestExpensesExportExcel" name="test_expenses_export_with_category_filter" time="0.176" /><testcase classname="backend.tests.test_xlsx_exports_filters.TestExpensesExportExcel" name="test_expenses_export_with_date_range" time="0.117" /><testcase classname="backend.tests.test_xlsx_exports_filters.TestExpensesExportExcel" name="test_expenses_export_bursary_tab" time="0.141" /><testcase classname="backend.tests.test_xlsx_exports_filters.TestExpensesExportExcel" name="test_expenses_export_training_tab" time="0.159" /><testcase classname="backend.tests.test_xlsx_exports_filters.TestExpensesDateFiltering" name="test_expenses_list_with_date_from" time="0.477" /><testcase classname="backend.tests.test_xlsx_exports_filters.TestExpensesDateFiltering" name="test_expenses_list_with_date_to" time="0.126" /><testcase classname="backend.tests.test_xlsx_exports_filters.TestExpensesDateFiltering" name="test_expenses_list_with_date_range" time="0.100" /><testcase classname="backend.tests.test_xlsx_exports_filters.TestReportsExportXLSX" name="test_applications_export_xlsx" time="0.524" /><testcase classname="backend.tests.test_xlsx_exports_filters.TestReportsExportXLSX" name="test_applications_export_with_date_filter" time="0.113" /><testcase classname="backend.tests.test_xlsx_exports_filters.TestReportsExportXLSX" name="test_training_applications_export_xlsx" time="0.169" /><testcase classname="backend.tests.test_xlsx_exports_filters.TestReportsExportXLSX" name="test_users_export_xlsx" time="0.130" /><testcase classname="backend.tests.test_xlsx_exports_filters.TestReportsExportXLSX" name="test_expenses_export_xlsx" time="0.114" /><testcase classname="backend.tests.test_xlsx_exports_filters.TestReportsExportXLSX" name="test_tickets_export_xlsx" time="0.186" /></testsuite></testsuites>